Build started 3/11/2015 1:34:47 AM.
     1>Project "D:\SSE-Optimization\WaterDemo\code\WaterDemo.vcxproj" on node 2 (Build target(s)).
     1>C:\Program Files (x86)\MSBuild\Microsoft.Cpp\v4.0\V120\Microsoft.CppBuild.targets(364,5): warning MSB8004: Output Directory does not end with a trailing slash.  This build instance will add the slash as it is required to allow proper evaluation of the Output Directory.
     1>ClCompile:
         F:\Program Files (x86)\Microsoft Visual Studio 12.0\VC\bin\CL.exe /c /I"D:\SSE-Optimization\WaterDemo\code\extern" /I"D:\SSE-Optimization\WaterDemo\code\extern\GL\x86\include" /ZI /nologo /W3 /WX- /sdl /Od /Oy- /D _CRT_SECURE_NO_WARNINGS /D _CRT_SECURE_NO_WARNINGS /D _MBCS /D _MBCS /Gm /EHsc /RTC1 /MDd /GS /fp:precise /Zc:wchar_t /Zc:forScope /Fo"D:\SSE-Optimization\WaterDemo\code\..\bin\Debug\\" /Fd"D:\SSE-Optimization\WaterDemo\code\..\bin\Debug\vc120.pdb" /Gd /TP /analyze- /errorReport:prompt src\main.cpp
         main.cpp
       Link:
         F:\Program Files (x86)\Microsoft Visual Studio 12.0\VC\bin\link.exe /ERRORREPORT:PROMPT /OUT:"D:\SSE-Optimization\WaterDemo\code\..\bin\WaterDemo.exe" /INCREMENTAL /NOLOGO freeglut.lib glew32.lib SOIL.lib kernel32.lib user32.lib gdi32.lib winspool.lib comdlg32.lib advapi32.lib shell32.lib ole32.lib oleaut32.lib uuid.lib odbc32.lib odbccp32.lib kernel32.lib user32.lib gdi32.lib winspool.lib comdlg32.lib advapi32.lib shell32.lib ole32.lib oleaut32.lib uuid.lib odbc32.lib odbccp32.lib /MANIFEST /MANIFESTUAC:"level='asInvoker' uiAccess='false'" /manifest:embed /DEBUG /PDB:"D:\SSE-Optimization\WaterDemo\code\..\bin\WaterDemo.pdb" /TLBID:1 /DYNAMICBASE /NXCOMPAT /IMPLIB:"D:\SSE-Optimization\WaterDemo\code\..\bin\WaterDemo.lib" /MACHINE:X86 "D:\SSE-Optimization\WaterDemo\code\..\bin\Debug\main.obj"
         "D:\SSE-Optimization\WaterDemo\code\..\bin\Debug\model.obj"
         "D:\SSE-Optimization\WaterDemo\code\..\bin\Debug\shaderManager.obj"
         SOIL.lib(SOIL.obj) : MSIL .netmodule or module compiled with /GL found; restarting link with /LTCG; add /LTCG to the link command line to improve linker performance
     1>LINK : warning LNK4075: ignoring '/INCREMENTAL' due to '/LTCG' specification
     1>main.obj : warning LNK4075: ignoring '/EDITANDCONTINUE' due to '/OPT:LBR' specification
     1>LINK : warning LNK4098: defaultlib 'MSVCRT' conflicts with use of other libs; use /NODEFAULTLIB:library
         Generating code
         Finished generating code
     1>SOIL.lib(SOIL.obj) : warning LNK4099: PDB 'vc110.pdb' was not found with 'SOIL.lib(SOIL.obj)' or at 'D:\SSE-Optimization\WaterDemo\bin\vc110.pdb'; linking object as if no debug info
     1>SOIL.lib(stb_image_aug.obj) : warning LNK4099: PDB 'vc110.pdb' was not found with 'SOIL.lib(stb_image_aug.obj)' or at 'D:\SSE-Optimization\WaterDemo\bin\vc110.pdb'; linking object as if no debug info
     1>SOIL.lib(image_helper.obj) : warning LNK4099: PDB 'vc110.pdb' was not found with 'SOIL.lib(image_helper.obj)' or at 'D:\SSE-Optimization\WaterDemo\bin\vc110.pdb'; linking object as if no debug info
     1>SOIL.lib(image_DXT.obj) : warning LNK4099: PDB 'vc110.pdb' was not found with 'SOIL.lib(image_DXT.obj)' or at 'D:\SSE-Optimization\WaterDemo\bin\vc110.pdb'; linking object as if no debug info
         WaterDemo.vcxproj -> D:\SSE-Optimization\WaterDemo\code\..\bin\WaterDemo.exe
     1>Done Building Project "D:\SSE-Optimization\WaterDemo\code\WaterDemo.vcxproj" (Build target(s)).

Build succeeded.

Time Elapsed 00:00:01.46
